[2026-03-07 19:33:21] [INFO] Watchdog initialized (timeout=1000ms)
[2026-03-07 19:33:21] [INFO] UART Initialized at 115200 baud
[2026-03-07 19:33:21] [INFO] UART Initialized at 115200 baud
[2026-03-07 19:33:21] [INFO] DriveWire server started.
[2026-03-07 19:33:22] [DEBUG] Flushed test_drive.dsk
[2026-03-07 19:33:22] [INFO] UART Initialized at 115200 baud
[2026-03-07 19:33:22] [INFO] UART Initialized at 115200 baud
[2026-03-07 19:33:22] [INFO] DriveWire server started.
[2026-03-07 19:33:23] [DEBUG] Flushed test_drive.dsk
[2026-03-07 19:33:23] [INFO] UART Initialized at 115200 baud
[2026-03-07 19:33:23] [INFO] DriveWire server started.
[2026-03-07 19:33:23] [INFO] UART Initialized at 115200 baud
[2026-03-07 19:33:23] [INFO] DriveWire server started.
[2026-03-07 19:33:23] [INFO] Mounted test_mount.dsk to Drive 1
[2026-03-07 19:33:23] [INFO] UART Initialized at 115200 baud
[2026-03-07 19:33:23] [INFO] DriveWire server started.
[2026-03-07 19:33:24] [INFO] UART Initialized at 115200 baud
[2026-03-07 19:33:24] [INFO] DriveWire server started.
[2026-03-07 19:33:24] [INFO] Initialize VSerial Ch1 (client) -> 127.0.0.1:9999
[2026-03-07 19:33:24] [INFO] Started Reader Task for Ch1
[2026-03-07 19:33:24] [INFO] Reader Task Ch1 Ended
[2026-03-07 19:33:24] [INFO] UART Initialized at 115200 baud
[2026-03-07 19:33:24] [INFO] DriveWire server started.
[2026-03-07 19:33:24] [INFO] Initialize VSerial Ch2 (client) -> 127.0.0.1:8888
[2026-03-07 19:33:24] [INFO] Started Reader Task for Ch2
[2026-03-07 19:33:24] [INFO] Reader Task Ch2 Ended
[2026-03-07 19:33:25] [INFO] Closed VSerial Ch2
[2026-03-07 19:33:25] [INFO] UART Initialized at 115200 baud
[2026-03-07 19:33:25] [INFO] DriveWire server started.
[2026-03-07 19:33:25] [INFO] Remote drive connected: Test Server
[2026-03-07 19:33:25] [INFO] Remote drive connected: Test Server
[2026-03-07 19:33:25] [WARN] Remote Read LSN 0 failed (Network unreachable). Retrying in 1s...
[2026-03-07 19:33:25] [WARN] Remote Read LSN 0 failed (Network unreachable). Retrying in 2s...
[2026-03-07 19:33:25] [ERROR] Remote Read LSN 0 failed after 3 attempts: Network unreachable
[2026-03-07 19:33:25] [INFO] Remote drive connected: Test Server
[2026-03-07 19:33:25] [INFO] Remote drive connected: Test Server
[2026-03-07 19:33:25] [WARN] Write rejected: Remote drive is read-only (LSN 0)
[2026-03-07 19:33:25] [INFO] Remote drive connected: Test Server
[2026-03-07 19:33:25] [WARN] Write rejected: Remote drive is read-only (LSN 0)
[2026-03-07 19:33:25] [INFO] UART Initialized at 115200 baud
[2026-03-07 19:33:25] [INFO] Remote drive connected: TestSrv
[2026-03-07 19:33:25] [INFO] UART Initialized at 115200 baud
[2026-03-07 19:33:25] [INFO] Remote drive connected: TestSrv
[2026-03-07 19:33:25] [INFO] UART Initialized at 115200 baud
[2026-03-07 19:33:25] [INFO] Drive 0: swapped to test_swap.dsk
[2026-03-07 19:33:25] [INFO] Remote drive connected: TestSrv
[2026-03-07 19:33:25] [INFO] UART Initialized at 115200 baud
[2026-03-07 19:33:25] [INFO] Drive 2: swapped to test_swap.dsk
